Arguments: 
  C:\Program Files\nodejs\node.exe C:\Users\luis.caputo\AppData\Roaming\npm\node_modules\yarn\bin\yarn.js init -D

PATH: 
  C:\Users\luis.caputo\bin;C:\Users\luis.caputo\AppData\Local\Programs\Git\mingw64\bin;C:\Users\luis.caputo\AppData\Local\Programs\Git\usr\local\bin;C:\Users\luis.caputo\AppData\Local\Programs\Git\usr\bin;C:\Users\luis.caputo\AppData\Local\Programs\Git\usr\bin;C:\Users\luis.caputo\AppData\Local\Programs\Git\mingw64\bin;C:\Users\luis.caputo\AppData\Local\Programs\Git\usr\bin;C:\Users\luis.caputo\bin;C:\Windows\system32;C:\Windows;C:\Windows\System32\Wbem;C:\Windows\System32\WindowsPowerShell\v1.0;C:\ProgramData\chocolatey\bin;C:\Program Files\nodejs;C:\Users\luis.caputo\AppData\Local\Microsoft\WindowsApps;C:\Users\luis.caputo\AppData\Roaming\npm;C:\Users\luis.caputo\AppData\Local\Programs\Microsoft VS Code\bin;C:\Users\luis.caputo\AppData\Local\GitHubDesktop\bin;C:\Users\luis.caputo\AppData\Local\Programs\Git\cmd;C:\Users\luis.caputo\AppData\Local\Programs\Git\usr\bin\vendor_perl;C:\Users\luis.caputo\AppData\Local\Programs\Git\usr\bin\core_perl

Yarn version: 
  1.22.11

Node version: 
  14.17.6

Platform: 
  win32 x64

Trace: 
  Error: Can't answer a question unless a user TTY
      at ConsoleReporter.question (C:\Users\luis.caputo\AppData\Roaming\npm\node_modules\yarn\lib\cli.js:96815:59)
      at Object.<anonymous> (C:\Users\luis.caputo\AppData\Roaming\npm\node_modules\yarn\lib\cli.js:89088:38)
      at Generator.next (<anonymous>)
      at step (C:\Users\luis.caputo\AppData\Roaming\npm\node_modules\yarn\lib\cli.js:310:30)
      at C:\Users\luis.caputo\AppData\Roaming\npm\node_modules\yarn\lib\cli.js:321:13
      at processTicksAndRejections (internal/process/task_queues.js:95:5)

npm manifest: 
  No manifest

yarn manifest: 
  No manifest

Lockfile: 
  No lockfile
